<?xml version="1.0" encoding="UTF-8"?>
<!-- Generated by org.testng.reporters.JUnitReportReporter -->
<testsuite skipped="7" hostname="ITT-Kumar-San" name="testPractice.PracticePrograms" tests="8" failures="0" timestamp="2021-04-17T15:10:29 IST" time="5.676" errors="0">
  <testcase name="reverseNumber" time="5.676" classname="testPractice.PracticePrograms"/>
  <system-out/>
  <testcase name="stringPalindrome" classname="testPractice.PracticePrograms">
    <skipped/>
  </testcase> <!-- stringPalindrome -->
  <system-out/>
  <testcase name="totalChars" classname="testPractice.PracticePrograms">
    <skipped/>
  </testcase> <!-- totalChars -->
  <system-out/>
  <testcase name="anagramCheck" classname="testPractice.PracticePrograms">
    <skipped/>
  </testcase> <!-- anagramCheck -->
  <system-out/>
  <testcase name="totalVowelsCons" classname="testPractice.PracticePrograms">
    <skipped/>
  </testcase> <!-- totalVowelsCons -->
  <system-out/>
  <testcase name="stringReversal" classname="testPractice.PracticePrograms">
    <skipped/>
  </testcase> <!-- stringReversal -->
  <system-out/>
  <testcase name="rightStars" classname="testPractice.PracticePrograms">
    <skipped/>
  </testcase> <!-- rightStars -->
  <system-out/>
  <testcase name="leftStars" classname="testPractice.PracticePrograms">
    <skipped/>
  </testcase> <!-- leftStars -->
  <system-out/>
</testsuite> <!-- testPractice.PracticePrograms -->
