<?xml version="1.0" encoding="UTF-8"?>
<!-- Generated by org.testng.reporters.JUnitReportReporter -->
<testsuite skipped="0" hostname="ITT-Kumar-San" name="NewTestMaven" tests="1" failures="0" timestamp="2021-03-17T11:58:46 IST" time="0.011" errors="0">
  <testcase name="testEasy" time="0.011" classname="NewTestMaven"/>
  <system-out/>
</testsuite> <!-- NewTestMaven -->
