<?xml version="1.0" encoding="UTF-8"?>
<!-- Generated by org.testng.reporters.JUnitReportReporter -->
<testsuite skipped="0" hostname="ITT-Kumar-San" name="com.amazon.testclasses.AmazonTestNG" tests="5" failures="0" timestamp="2021-03-24T12:20:42 IST" time="84.882" errors="0">
  <testcase name="logInToAmazon" time="17.603" classname="com.amazon.testclasses.AmazonTestNG"/>
  <system-out/>
  <testcase name="searchProductAndSelect" time="22.564" classname="com.amazon.testclasses.AmazonTestNG"/>
  <system-out/>
  <testcase name="addLaptopToCart" time="12.317" classname="com.amazon.testclasses.AmazonTestNG"/>
  <system-out/>
  <testcase name="addKeyboardToCart" time="27.021" classname="com.amazon.testclasses.AmazonTestNG"/>
  <system-out/>
  <testcase name="payment" time="5.377" classname="com.amazon.testclasses.AmazonTestNG"/>
  <system-out/>
</testsuite> <!-- com.amazon.testclasses.AmazonTestNG -->
