<?xml version="1.0" encoding="UTF-8"?>
<!-- Generated by org.testng.reporters.JUnitReportReporter -->
<testsuite skipped="0" hostname="ITT-Kumar-San" name="amazon.com.testclasses.AmazonTestNG" tests="5" failures="0" timestamp="2021-03-23T21:59:54 IST" time="93.983" errors="0">
  <testcase name="logInToAmazon" time="19.513" classname="amazon.com.testclasses.AmazonTestNG"/>
  <system-out/>
  <testcase name="searchProductAndSelect" time="23.426" classname="amazon.com.testclasses.AmazonTestNG"/>
  <system-out/>
  <testcase name="addLaptopToCart" time="10.046" classname="amazon.com.testclasses.AmazonTestNG"/>
  <system-out/>
  <testcase name="addKeyboardToCart" time="32.868" classname="amazon.com.testclasses.AmazonTestNG"/>
  <system-out/>
  <testcase name="payment" time="8.130" classname="amazon.com.testclasses.AmazonTestNG"/>
  <system-out/>
</testsuite> <!-- amazon.com.testclasses.AmazonTestNG -->
