<?xml version="1.0" encoding="UTF-8"?>
<!-- Generated by org.testng.reporters.JUnitReportReporter -->
<testsuite skipped="0" hostname="ITT-Kumar-San" name="com.amazon.qa.testcases.LoginPageTest" tests="2" failures="0" timestamp="2021-04-20T23:19:44 IST" time="18.426" errors="0">
  <testcase name="verifyLoginPageTitle" time="6.729" classname="com.amazon.qa.testcases.LoginPageTest"/>
  <system-out/>
  <testcase name="loginTest" time="11.697" classname="com.amazon.qa.testcases.LoginPageTest"/>
  <system-out/>
</testsuite> <!-- com.amazon.qa.testcases.LoginPageTest -->
